<?xml version="1.0" encoding="UTF-8"?>
<testng-results skipped="0" failed="0" total="1" passed="1">
  <reporter-output>
  </reporter-output>
  <suite name="Default suite" duration-ms="70901" started-at="2019-10-09T16:33:46Z" finished-at="2019-10-09T16:34:57Z">
    <groups>
    </groups>
    <test name="Default test" duration-ms="70901" started-at="2019-10-09T16:33:46Z" finished-at="2019-10-09T16:34:57Z">
      <class name="practice.testscript.Ecommerce_Tests">
        <test-method status="PASS" signature="beforeSuite()[pri:0, instance:practice.testscript.Ecommerce_Tests@610694f1]" name="beforeSuite" is-config="true" duration-ms="1297" started-at="2019-10-09T22:03:45Z" finished-at="2019-10-09T22:03:46Z">
          <reporter-output>
          </reporter-output>
        </test-method> <!-- beforeSuite -->
        <test-method status="PASS" signature="beforeMethod(java.lang.reflect.Method)[pri:0, instance:practice.testscript.Ecommerce_Tests@610694f1]" name="beforeMethod" is-config="true" duration-ms="9796" started-at="2019-10-09T22:03:46Z" finished-at="2019-10-09T22:03:56Z">
          <params>
            <param index="0">
              <value>
                <![CDATA[public void practice.testscript.Ecommerce_Tests.testProductNavigation()]]>
              </value>
            </param>
          </params>
          <reporter-output>
          </reporter-output>
        </test-method> <!-- beforeMethod -->
        <test-method status="PASS" signature="testProductNavigation()[pri:0, instance:practice.testscript.Ecommerce_Tests@610694f1]" name="testProductNavigation" duration-ms="57876" started-at="2019-10-09T22:03:56Z" finished-at="2019-10-09T22:04:54Z">
          <reporter-output>
          </reporter-output>
        </test-method> <!-- testProductNavigation -->
        <test-method status="PASS" signature="afterMethod(org.testng.ITestResult)[pri:0, instance:practice.testscript.Ecommerce_Tests@610694f1]" name="afterMethod" is-config="true" duration-ms="3206" started-at="2019-10-09T22:04:54Z" finished-at="2019-10-09T22:04:57Z">
          <params>
            <param index="0">
              <value>
                <![CDATA[[TestResult name=testProductNavigation status=SUCCESS method=Ecommerce_Tests.testProductNavigation()[pri:0, instance:practice.testscript.Ecommerce_Tests@610694f1] output={null}]]]>
              </value>
            </param>
          </params>
          <reporter-output>
          </reporter-output>
        </test-method> <!-- afterMethod -->
        <test-method status="PASS" signature="afterSuite()[pri:0, instance:practice.testscript.Ecommerce_Tests@610694f1]" name="afterSuite" is-config="true" duration-ms="0" started-at="2019-10-09T22:04:57Z" finished-at="2019-10-09T22:04:57Z">
          <reporter-output>
          </reporter-output>
        </test-method> <!-- afterSuite -->
      </class> <!-- practice.testscript.Ecommerce_Tests -->
    </test> <!-- Default test -->
  </suite> <!-- Default suite -->
</testng-results>
