<?xml version="1.0" encoding="UTF-8"?>
<!-- Generated by org.testng.reporters.JUnitXMLReporter -->
<testsuite hostname="MPINDO02PC326" name="Default test" tests="5" failures="0" timestamp="9 Oct 2019 11:30:18 GMT" time="149.216" errors="0">
  <testcase name="testNavigatePreferenceToWiFi" time="8.256" classname="practice.testscript.AdvanceTest"/>
  <testcase name="testNavigatePreferenceToWiFi" time="8.489" classname="practice.testscript.AdvanceTest"/>
  <testcase name="testNavigatePreferenceToWiFi" time="8.357" classname="practice.testscript.AdvanceTest"/>
  <testcase name="testNavigatePreferenceToWiFi" time="7.811" classname="practice.testscript.AdvanceTest"/>
  <testcase name="testNavigatePreferenceToWiFi" time="8.907" classname="practice.testscript.AdvanceTest"/>
</testsuite> <!-- Default test -->
