<?xml version="1.0" encoding="UTF-8"?>
<!-- Generated by org.testng.reporters.JUnitXMLReporter -->
<testsuite hostname="DESKTOP-LVCO3JO" ignored="0" name="Test" tests="8" failures="0" timestamp="06 Oct 2019 06:08:04 GMT" time="211.96" errors="0">
  <testcase name="testClickAction" time="5.769" classname="practice.testscript.AdvanceTest"/>
  <testcase name="testDragAndDropAction" time="3.448" classname="practice.testscript.AdvanceTest"/>
  <testcase name="testNavigatePreferenceToWiFi" time="12.687" classname="practice.testscript.AdvanceTest"/>
  <testcase name="testNavigatePreferenceToWiFi" time="12.547" classname="practice.testscript.AdvanceTest"/>
  <testcase name="testNavigatePreferenceToWiFi" time="12.417" classname="practice.testscript.AdvanceTest"/>
  <testcase name="testNavigatePreferenceToWiFi" time="11.436" classname="practice.testscript.AdvanceTest"/>
  <testcase name="testNavigatePreferenceToWiFi" time="13.028" classname="practice.testscript.AdvanceTest"/>
  <testcase name="testScrollAction" time="5.318" classname="practice.testscript.AdvanceTest"/>
</testsuite> <!-- Test -->
